# JRE version: OpenJDK Runtime Environment (8.0_242-b01) (build 1.8.0_242-release-1644-b01)
# Java VM: OpenJDK 64-Bit Server VM (25.242-b01 mixed mode windows-amd64 compressed oops)
Heap:
 PSYoungGen      total 540672K, used 441471K [0x00000000d5580000, 0x00000000fdc80000, 0x0000000100000000)
  eden space 464384K, 95% used [0x00000000d5580000,0x00000000f049ff60,0x00000000f1b00000)
  from space 76288K, 0% used [0x00000000f1b00000,0x00000000f1b00000,0x00000000f6580000)
  to   space 73728K, 0% used [0x00000000f9480000,0x00000000f9480000,0x00000000fdc80000)
 ParOldGen       total 400384K, used 89543K [0x0000000080000000, 0x0000000098700000, 0x00000000d5580000)
  object space 400384K, 22% used [0x0000000080000000,0x0000000085771f78,0x0000000098700000)
 Metaspace       used 117991K, capacity 124432K, committed 124696K, reserved 1157120K
  class space    used 15352K, capacity 16638K, committed 16688K, reserved 1048576K
GC Heap History (10 events):
Event: 24.460 GC heap before
{Heap before GC invocations=17 (full 5):
 PSYoungGen      total 454656K, used 425472K [0x00000000d5580000, 0x00000000f9c00000, 0x0000000100000000)
  eden space 425472K, 100% used [0x00000000d5580000,0x00000000ef500000,0x00000000ef500000)
  from space 29184K, 0% used [0x00000000f3080000,0x00000000f3080000,0x00000000f4d00000)
  to   space 60928K, 0% used [0x00000000ef500000,0x00000000ef500000,0x00000000f3080000)
 ParOldGen       total 159744K, used 148767K [0x0000000080000000, 0x0000000089c00000, 0x00000000d5580000)
  object space 159744K, 93% used [0x0000000080000000,0x0000000089147c40,0x0000000089c00000)
 Metaspace       used 90596K, capacity 94928K, committed 95640K, reserved 1132544K
  class space    used 12192K, capacity 13030K, committed 13232K, reserved 1048576K
Event: 25.933 GC heap after
Heap after GC invocations=17 (full 5):
 PSYoungGen      total 454656K, used 0K [0x00000000d5580000, 0x00000000f9c00000, 0x0000000100000000)
  eden space 425472K, 0% used [0x00000000d5580000,0x00000000d5580000,0x00000000ef500000)
  from space 29184K, 0% used [0x00000000f3080000,0x00000000f3080000,0x00000000f4d00000)
  to   space 60928K, 0% used [0x00000000ef500000,0x00000000ef500000,0x00000000f3080000)
 ParOldGen       total 159744K, used 68211K [0x0000000080000000, 0x0000000089c00000, 0x00000000d5580000)
  object space 159744K, 42% used [0x0000000080000000,0x000000008429cd38,0x0000000089c00000)
 Metaspace       used 90596K, capacity 94928K, committed 95640K, reserved 1132544K
  class space    used 12192K, capacity 13030K, committed 13232K, reserved 1048576K
}
Event: 124.098 GC heap before
{Heap before GC invocations=18 (full 5):
 PSYoungGen      total 454656K, used 425472K [0x00000000d5580000, 0x00000000f9c00000, 0x0000000100000000)
  eden space 425472K, 100% used [0x00000000d5580000,0x00000000ef500000,0x00000000ef500000)
  from space 29184K, 0% used [0x00000000f3080000,0x00000000f3080000,0x00000000f4d00000)
  to   space 60928K, 0% used [0x00000000ef500000,0x00000000ef500000,0x00000000f3080000)
 ParOldGen       total 159744K, used 68211K [0x0000000080000000, 0x0000000089c00000, 0x00000000d5580000)
  object space 159744K, 42% used [0x0000000080000000,0x000000008429cd38,0x0000000089c00000)
 Metaspace       used 106038K, capacity 111728K, committed 111896K, reserved 1146880K
  class space    used 13981K, capacity 15100K, committed 15152K, reserved 1048576K
Event: 124.138 GC heap after
Heap after GC invocations=18 (full 5):
 PSYoungGen      total 486400K, used 41164K [0x00000000d5580000, 0x00000000fa400000, 0x0000000100000000)
  eden space 425472K, 0% used [0x00000000d5580000,0x00000000d5580000,0x00000000ef500000)
  from space 60928K, 67% used [0x00000000ef500000,0x00000000f1d33168,0x00000000f3080000)
  to   space 64000K, 0% used [0x00000000f6580000,0x00000000f6580000,0x00000000fa400000)
 ParOldGen       total 159744K, used 68219K [0x0000000080000000, 0x0000000089c00000, 0x00000000d5580000)
  object space 159744K, 42% used [0x0000000080000000,0x000000008429ed38,0x0000000089c00000)
 Metaspace       used 106038K, capacity 111728K, committed 111896K, reserved 1146880K
  class space    used 13981K, capacity 15100K, committed 15152K, reserved 1048576K
}
Event: 150.303 GC heap before
{Heap before GC invocations=19 (full 5):
 PSYoungGen      total 486400K, used 466636K [0x00000000d5580000, 0x00000000fa400000, 0x0000000100000000)
  eden space 425472K, 100% used [0x00000000d5580000,0x00000000ef500000,0x00000000ef500000)
  from space 60928K, 67% used [0x00000000ef500000,0x00000000f1d33168,0x00000000f3080000)
  to   space 64000K, 0% used [0x00000000f6580000,0x00000000f6580000,0x00000000fa400000)
 ParOldGen       total 159744K, used 68219K [0x0000000080000000, 0x0000000089c00000, 0x00000000d5580000)
  object space 159744K, 42% used [0x0000000080000000,0x000000008429ed38,0x0000000089c00000)
 Metaspace       used 113301K, capacity 119544K, committed 119832K, reserved 1153024K
  class space    used 14886K, capacity 16132K, committed 16176K, reserved 1048576K
Event: 150.363 GC heap after
Heap after GC invocations=19 (full 5):
 PSYoungGen      total 528384K, used 63984K [0x00000000d5580000, 0x00000000fb300000, 0x0000000100000000)
  eden space 464384K, 0% used [0x00000000d5580000,0x00000000d5580000,0x00000000f1b00000)
  from space 64000K, 99% used [0x00000000f6580000,0x00000000fa3fc388,0x00000000fa400000)
  to   space 76288K, 0% used [0x00000000f1b00000,0x00000000f1b00000,0x00000000f6580000)
 ParOldGen       total 159744K, used 72660K [0x0000000080000000, 0x0000000089c00000, 0x00000000d5580000)
  object space 159744K, 45% used [0x0000000080000000,0x00000000846f5168,0x0000000089c00000)
 Metaspace       used 113301K, capacity 119544K, committed 119832K, reserved 1153024K
  class space    used 14886K, capacity 16132K, committed 16176K, reserved 1048576K
}
Event: 165.840 GC heap before
{Heap before GC invocations=20 (full 5):
 PSYoungGen      total 528384K, used 528366K [0x00000000d5580000, 0x00000000fb300000, 0x0000000100000000)
  eden space 464384K, 99% used [0x00000000d5580000,0x00000000f1aff7f0,0x00000000f1b00000)
  from space 64000K, 99% used [0x00000000f6580000,0x00000000fa3fc388,0x00000000fa400000)
  to   space 76288K, 0% used [0x00000000f1b00000,0x00000000f1b00000,0x00000000f6580000)
 ParOldGen       total 159744K, used 72660K [0x0000000080000000, 0x0000000089c00000, 0x00000000d5580000)
  object space 159744K, 45% used [0x0000000080000000,0x00000000846f5168,0x0000000089c00000)
 Metaspace       used 117364K, capacity 123660K, committed 123928K, reserved 1157120K
  class space    used 15321K, capacity 16592K, committed 16688K, reserved 1048576K
Event: 166.224 GC heap after
Heap after GC invocations=20 (full 5):
 PSYoungGen      total 540672K, used 14738K [0x00000000d5580000, 0x00000000fdc80000, 0x0000000100000000)
  eden space 464384K, 0% used [0x00000000d5580000,0x00000000d5580000,0x00000000f1b00000)
  from space 76288K, 19% used [0x00000000f1b00000,0x00000000f2964980,0x00000000f6580000)
  to   space 73728K, 0% used [0x00000000f9480000,0x00000000f9480000,0x00000000fdc80000)
 ParOldGen       total 159744K, used 125528K [0x0000000080000000, 0x0000000089c00000, 0x00000000d5580000)
  object space 159744K, 78% used [0x0000000080000000,0x0000000087a96378,0x0000000089c00000)
 Metaspace       used 117364K, capacity 123660K, committed 123928K, reserved 1157120K
  class space    used 15321K, capacity 16592K, committed 16688K, reserved 1048576K
}
Event: 166.224 GC heap before
{Heap before GC invocations=21 (full 6):
 PSYoungGen      total 540672K, used 14738K [0x00000000d5580000, 0x00000000fdc80000, 0x0000000100000000)
  eden space 464384K, 0% used [0x00000000d5580000,0x00000000d5580000,0x00000000f1b00000)
  from space 76288K, 19% used [0x00000000f1b00000,0x00000000f2964980,0x00000000f6580000)
  to   space 73728K, 0% used [0x00000000f9480000,0x00000000f9480000,0x00000000fdc80000)
 ParOldGen       total 159744K, used 125528K [0x0000000080000000, 0x0000000089c00000, 0x00000000d5580000)
  object space 159744K, 78% used [0x0000000080000000,0x0000000087a96378,0x0000000089c00000)
 Metaspace       used 117364K, capacity 123660K, committed 123928K, reserved 1157120K
  class space    used 15321K, capacity 16592K, committed 16688K, reserved 1048576K
Event: 167.236 GC heap after
Heap after GC invocations=21 (full 6):
 PSYoungGen      total 540672K, used 0K [0x00000000d5580000, 0x00000000fdc80000, 0x0000000100000000)
  eden space 464384K, 0% used [0x00000000d5580000,0x00000000d5580000,0x00000000f1b00000)
  from space 76288K, 0% used [0x00000000f1b00000,0x00000000f1b00000,0x00000000f6580000)
  to   space 73728K, 0% used [0x00000000f9480000,0x00000000f9480000,0x00000000fdc80000)
 ParOldGen       total 400384K, used 89543K [0x0000000080000000, 0x0000000098700000, 0x00000000d5580000)
  object space 400384K, 22% used [0x0000000080000000,0x0000000085771f78,0x0000000098700000)
 Metaspace       used 117325K, capacity 123614K, committed 123928K, reserved 1157120K
  class space    used 15309K, capacity 16579K, committed 16688K, reserved 1048576K
}

