# JRE version: OpenJDK Runtime Environment (8.0_242-b01) (build 1.8.0_242-release-1644-b01)
# Java VM: OpenJDK 64-Bit Server VM (25.242-b01 mixed mode windows-amd64 compressed oops)
Heap:
 PSYoungGen      total 499712K, used 186118K [0x00000000d5580000, 0x00000000f8f80000, 0x0000000100000000)
  eden space 459264K, 31% used [0x00000000d5580000,0x00000000de4838d8,0x00000000f1600000)
  from space 40448K, 98% used [0x00000000f4b80000,0x00000000f723dfb0,0x00000000f7300000)
  to   space 54784K, 0% used [0x00000000f1600000,0x00000000f1600000,0x00000000f4b80000)
 ParOldGen       total 261632K, used 97232K [0x0000000080000000, 0x000000008ff80000, 0x00000000d5580000)
  object space 261632K, 37% used [0x0000000080000000,0x0000000085ef43b8,0x000000008ff80000)
 Metaspace       used 115721K, capacity 121942K, committed 122188K, reserved 1155072K
  class space    used 15192K, capacity 16427K, committed 16512K, reserved 1048576K
GC Heap History (10 events):
Event: 32.317 GC heap before
{Heap before GC invocations=14 (full 3):
 PSYoungGen      total 410624K, used 410611K [0x00000000d5580000, 0x00000000f0900000, 0x0000000100000000)
  eden space 388096K, 100% used [0x00000000d5580000,0x00000000ed080000,0x00000000ed080000)
  from space 22528K, 99% used [0x00000000ef300000,0x00000000f08fcca0,0x00000000f0900000)
  to   space 28160K, 0% used [0x00000000ed200000,0x00000000ed200000,0x00000000eed80000)
 ParOldGen       total 150016K, used 45736K [0x0000000080000000, 0x0000000089280000, 0x00000000d5580000)
  object space 150016K, 30% used [0x0000000080000000,0x0000000082caa288,0x0000000089280000)
 Metaspace       used 90513K, capacity 95034K, committed 95192K, reserved 1132544K
  class space    used 11999K, capacity 12954K, committed 13056K, reserved 1048576K
Event: 32.364 GC heap after
Heap after GC invocations=14 (full 3):
 PSYoungGen      total 417792K, used 28136K [0x00000000d5580000, 0x00000000f7300000, 0x0000000100000000)
  eden space 389632K, 0% used [0x00000000d5580000,0x00000000d5580000,0x00000000ed200000)
  from space 28160K, 99% used [0x00000000ed200000,0x00000000eed7a108,0x00000000eed80000)
  to   space 40448K, 0% used [0x00000000f4b80000,0x00000000f4b80000,0x00000000f7300000)
 ParOldGen       total 150016K, used 67415K [0x0000000080000000, 0x0000000089280000, 0x00000000d5580000)
  object space 150016K, 44% used [0x0000000080000000,0x00000000841d5c70,0x0000000089280000)
 Metaspace       used 90513K, capacity 95034K, committed 95192K, reserved 1132544K
  class space    used 11999K, capacity 12954K, committed 13056K, reserved 1048576K
}
Event: 36.780 GC heap before
{Heap before GC invocations=15 (full 3):
 PSYoungGen      total 417792K, used 288590K [0x00000000d5580000, 0x00000000f7300000, 0x0000000100000000)
  eden space 389632K, 66% used [0x00000000d5580000,0x00000000e53d9a60,0x00000000ed200000)
  from space 28160K, 99% used [0x00000000ed200000,0x00000000eed7a108,0x00000000eed80000)
  to   space 40448K, 0% used [0x00000000f4b80000,0x00000000f4b80000,0x00000000f7300000)
 ParOldGen       total 150016K, used 67415K [0x0000000080000000, 0x0000000089280000, 0x00000000d5580000)
  object space 150016K, 44% used [0x0000000080000000,0x00000000841d5c70,0x0000000089280000)
 Metaspace       used 93444K, capacity 98238K, committed 98380K, reserved 1134592K
  class space    used 12344K, capacity 13354K, committed 13440K, reserved 1048576K
Event: 36.853 GC heap after
Heap after GC invocations=15 (full 3):
 PSYoungGen      total 499712K, used 40436K [0x00000000d5580000, 0x00000000f8f80000, 0x0000000100000000)
  eden space 459264K, 0% used [0x00000000d5580000,0x00000000d5580000,0x00000000f1600000)
  from space 40448K, 99% used [0x00000000f4b80000,0x00000000f72fd2e0,0x00000000f7300000)
  to   space 54784K, 0% used [0x00000000f1600000,0x00000000f1600000,0x00000000f4b80000)
 ParOldGen       total 150016K, used 88799K [0x0000000080000000, 0x0000000089280000, 0x00000000d5580000)
  object space 150016K, 59% used [0x0000000080000000,0x00000000856b7ca8,0x0000000089280000)
 Metaspace       used 93444K, capacity 98238K, committed 98380K, reserved 1134592K
  class space    used 12344K, capacity 13354K, committed 13440K, reserved 1048576K
}
Event: 36.853 GC heap before
{Heap before GC invocations=16 (full 4):
 PSYoungGen      total 499712K, used 40436K [0x00000000d5580000, 0x00000000f8f80000, 0x0000000100000000)
  eden space 459264K, 0% used [0x00000000d5580000,0x00000000d5580000,0x00000000f1600000)
  from space 40448K, 99% used [0x00000000f4b80000,0x00000000f72fd2e0,0x00000000f7300000)
  to   space 54784K, 0% used [0x00000000f1600000,0x00000000f1600000,0x00000000f4b80000)
 ParOldGen       total 150016K, used 88799K [0x0000000080000000, 0x0000000089280000, 0x00000000d5580000)
  object space 150016K, 59% used [0x0000000080000000,0x00000000856b7ca8,0x0000000089280000)
 Metaspace       used 93444K, capacity 98238K, committed 98380K, reserved 1134592K
  class space    used 12344K, capacity 13354K, committed 13440K, reserved 1048576K
Event: 37.282 GC heap after
Heap after GC invocations=16 (full 4):
 PSYoungGen      total 499712K, used 0K [0x00000000d5580000, 0x00000000f8f80000, 0x0000000100000000)
  eden space 459264K, 0% used [0x00000000d5580000,0x00000000d5580000,0x00000000f1600000)
  from space 40448K, 0% used [0x00000000f4b80000,0x00000000f4b80000,0x00000000f7300000)
  to   space 54784K, 0% used [0x00000000f1600000,0x00000000f1600000,0x00000000f4b80000)
 ParOldGen       total 261632K, used 97224K [0x0000000080000000, 0x000000008ff80000, 0x00000000d5580000)
  object space 261632K, 37% used [0x0000000080000000,0x0000000085ef23b8,0x000000008ff80000)
 Metaspace       used 93341K, capacity 97930K, committed 98380K, reserved 1134592K
  class space    used 12314K, capacity 13278K, committed 13440K, reserved 1048576K
}
Event: 47.956 GC heap before
{Heap before GC invocations=17 (full 4):
 PSYoungGen      total 499712K, used 459251K [0x00000000d5580000, 0x00000000f8f80000, 0x0000000100000000)
  eden space 459264K, 99% used [0x00000000d5580000,0x00000000f15fcc80,0x00000000f1600000)
  from space 40448K, 0% used [0x00000000f4b80000,0x00000000f4b80000,0x00000000f7300000)
  to   space 54784K, 0% used [0x00000000f1600000,0x00000000f1600000,0x00000000f4b80000)
 ParOldGen       total 261632K, used 97224K [0x0000000080000000, 0x000000008ff80000, 0x00000000d5580000)
  object space 261632K, 37% used [0x0000000080000000,0x0000000085ef23b8,0x000000008ff80000)
 Metaspace       used 106931K, capacity 112134K, committed 112332K, reserved 1146880K
  class space    used 14011K, capacity 15061K, committed 15104K, reserved 1048576K
Event: 48.006 GC heap after
Heap after GC invocations=17 (full 4):
 PSYoungGen      total 514048K, used 30287K [0x00000000d5580000, 0x00000000f8f80000, 0x0000000100000000)
  eden space 459264K, 0% used [0x00000000d5580000,0x00000000d5580000,0x00000000f1600000)
  from space 54784K, 55% used [0x00000000f1600000,0x00000000f3393e08,0x00000000f4b80000)
  to   space 40448K, 0% used [0x00000000f4b80000,0x00000000f4b80000,0x00000000f7300000)
 ParOldGen       total 261632K, used 97232K [0x0000000080000000, 0x000000008ff80000, 0x00000000d5580000)
  object space 261632K, 37% used [0x0000000080000000,0x0000000085ef43b8,0x000000008ff80000)
 Metaspace       used 106931K, capacity 112134K, committed 112332K, reserved 1146880K
  class space    used 14011K, capacity 15061K, committed 15104K, reserved 1048576K
}
Event: 51.721 GC heap before
{Heap before GC invocations=18 (full 4):
 PSYoungGen      total 514048K, used 489551K [0x00000000d5580000, 0x00000000f8f80000, 0x0000000100000000)
  eden space 459264K, 100% used [0x00000000d5580000,0x00000000f1600000,0x00000000f1600000)
  from space 54784K, 55% used [0x00000000f1600000,0x00000000f3393e08,0x00000000f4b80000)
  to   space 40448K, 0% used [0x00000000f4b80000,0x00000000f4b80000,0x00000000f7300000)
 ParOldGen       total 261632K, used 97232K [0x0000000080000000, 0x000000008ff80000, 0x00000000d5580000)
  object space 261632K, 37% used [0x0000000080000000,0x0000000085ef43b8,0x000000008ff80000)
 Metaspace       used 115444K, capacity 121690K, committed 121932K, reserved 1155072K
  class space    used 15163K, capacity 16417K, committed 16512K, reserved 1048576K
Event: 51.776 GC heap after
Heap after GC invocations=18 (full 4):
 PSYoungGen      total 499712K, used 39671K [0x00000000d5580000, 0x00000000f8f80000, 0x0000000100000000)
  eden space 459264K, 0% used [0x00000000d5580000,0x00000000d5580000,0x00000000f1600000)
  from space 40448K, 98% used [0x00000000f4b80000,0x00000000f723dfb0,0x00000000f7300000)
  to   space 54784K, 0% used [0x00000000f1600000,0x00000000f1600000,0x00000000f4b80000)
 ParOldGen       total 261632K, used 97232K [0x0000000080000000, 0x000000008ff80000, 0x00000000d5580000)
  object space 261632K, 37% used [0x0000000080000000,0x0000000085ef43b8,0x000000008ff80000)
 Metaspace       used 115444K, capacity 121690K, committed 121932K, reserved 1155072K
  class space    used 15163K, capacity 16417K, committed 16512K, reserved 1048576K
}

