# JRE version: OpenJDK Runtime Environment (8.0_242-b01) (build 1.8.0_242-release-1644-b01)
# Java VM: OpenJDK 64-Bit Server VM (25.242-b01 mixed mode windows-amd64 compressed oops)
Heap:
 PSYoungGen      total 517120K, used 327878K [0x00000000d5580000, 0x00000000f8d00000, 0x0000000100000000)
  eden space 474112K, 60% used [0x00000000d5580000,0x00000000e6bb2008,0x00000000f2480000)
  from space 43008K, 99% used [0x00000000f6300000,0x00000000f8cffab8,0x00000000f8d00000)
  to   space 39424K, 0% used [0x00000000f2480000,0x00000000f2480000,0x00000000f4b00000)
 ParOldGen       total 258048K, used 147274K [0x0000000080000000, 0x000000008fc00000, 0x00000000d5580000)
  object space 258048K, 57% used [0x0000000080000000,0x0000000088fd2930,0x000000008fc00000)
 Metaspace       used 111051K, capacity 119040K, committed 119192K, reserved 1153024K
  class space    used 14755K, capacity 16263K, committed 16304K, reserved 1048576K
GC Heap History (10 events):
Event: 306.519 GC heap before
{Heap before GC invocations=18 (full 4):
 PSYoungGen      total 464384K, used 11847K [0x00000000d5580000, 0x00000000f4b00000, 0x0000000100000000)
  eden space 437760K, 0% used [0x00000000d5580000,0x00000000d5580000,0x00000000f0100000)
  from space 26624K, 44% used [0x00000000f3100000,0x00000000f3c91d90,0x00000000f4b00000)
  to   space 37888K, 0% used [0x00000000f0100000,0x00000000f0100000,0x00000000f2600000)
 ParOldGen       total 167936K, used 80459K [0x0000000080000000, 0x000000008a400000, 0x00000000d5580000)
  object space 167936K, 47% used [0x0000000080000000,0x0000000084e92e48,0x000000008a400000)
 Metaspace       used 92691K, capacity 98486K, committed 98600K, reserved 1134592K
  class space    used 12381K, capacity 13381K, committed 13488K, reserved 1048576K
Event: 306.796 GC heap after
Heap after GC invocations=18 (full 4):
 PSYoungGen      total 464384K, used 0K [0x00000000d5580000, 0x00000000f4b00000, 0x0000000100000000)
  eden space 437760K, 0% used [0x00000000d5580000,0x00000000d5580000,0x00000000f0100000)
  from space 26624K, 0% used [0x00000000f3100000,0x00000000f3100000,0x00000000f4b00000)
  to   space 37888K, 0% used [0x00000000f0100000,0x00000000f0100000,0x00000000f2600000)
 ParOldGen       total 258048K, used 62877K [0x0000000080000000, 0x000000008fc00000, 0x00000000d5580000)
  object space 258048K, 24% used [0x0000000080000000,0x0000000083d67640,0x000000008fc00000)
 Metaspace       used 92596K, capacity 98200K, committed 98600K, reserved 1134592K
  class space    used 12350K, capacity 13326K, committed 13488K, reserved 1048576K
}
Event: 397.142 GC heap before
{Heap before GC invocations=19 (full 4):
 PSYoungGen      total 464384K, used 437760K [0x00000000d5580000, 0x00000000f4b00000, 0x0000000100000000)
  eden space 437760K, 100% used [0x00000000d5580000,0x00000000f0100000,0x00000000f0100000)
  from space 26624K, 0% used [0x00000000f3100000,0x00000000f3100000,0x00000000f4b00000)
  to   space 37888K, 0% used [0x00000000f0100000,0x00000000f0100000,0x00000000f2600000)
 ParOldGen       total 258048K, used 62877K [0x0000000080000000, 0x000000008fc00000, 0x00000000d5580000)
  object space 258048K, 24% used [0x0000000080000000,0x0000000083d67640,0x000000008fc00000)
 Metaspace       used 93406K, capacity 99468K, committed 99480K, reserved 1134592K
  class space    used 12438K, capacity 13482K, committed 13488K, reserved 1048576K
Event: 397.200 GC heap after
Heap after GC invocations=19 (full 4):
 PSYoungGen      total 475648K, used 18527K [0x00000000d5580000, 0x00000000f7500000, 0x0000000100000000)
  eden space 437760K, 0% used [0x00000000d5580000,0x00000000d5580000,0x00000000f0100000)
  from space 37888K, 48% used [0x00000000f0100000,0x00000000f1317d28,0x00000000f2600000)
  to   space 36352K, 0% used [0x00000000f5180000,0x00000000f5180000,0x00000000f7500000)
 ParOldGen       total 258048K, used 62877K [0x0000000080000000, 0x000000008fc00000, 0x00000000d5580000)
  object space 258048K, 24% used [0x0000000080000000,0x0000000083d67640,0x000000008fc00000)
 Metaspace       used 93406K, capacity 99468K, committed 99480K, reserved 1134592K
  class space    used 12438K, capacity 13482K, committed 13488K, reserved 1048576K
}
Event: 900.954 GC heap before
{Heap before GC invocations=20 (full 4):
 PSYoungGen      total 475648K, used 456287K [0x00000000d5580000, 0x00000000f7500000, 0x0000000100000000)
  eden space 437760K, 100% used [0x00000000d5580000,0x00000000f0100000,0x00000000f0100000)
  from space 37888K, 48% used [0x00000000f0100000,0x00000000f1317d28,0x00000000f2600000)
  to   space 36352K, 0% used [0x00000000f5180000,0x00000000f5180000,0x00000000f7500000)
 ParOldGen       total 258048K, used 62877K [0x0000000080000000, 0x000000008fc00000, 0x00000000d5580000)
  object space 258048K, 24% used [0x0000000080000000,0x0000000083d67640,0x000000008fc00000)
 Metaspace       used 104181K, capacity 111734K, committed 112024K, reserved 1146880K
  class space    used 14011K, capacity 15414K, committed 15536K, reserved 1048576K
Event: 901.020 GC heap after
Heap after GC invocations=20 (full 4):
 PSYoungGen      total 506880K, used 29911K [0x00000000d5580000, 0x00000000f7180000, 0x0000000100000000)
  eden space 474112K, 0% used [0x00000000d5580000,0x00000000d5580000,0x00000000f2480000)
  from space 32768K, 91% used [0x00000000f5180000,0x00000000f6eb5db0,0x00000000f7180000)
  to   space 39424K, 0% used [0x00000000f2480000,0x00000000f2480000,0x00000000f4b00000)
 ParOldGen       total 258048K, used 62885K [0x0000000080000000, 0x000000008fc00000, 0x00000000d5580000)
  object space 258048K, 24% used [0x0000000080000000,0x0000000083d69640,0x000000008fc00000)
 Metaspace       used 104181K, capacity 111734K, committed 112024K, reserved 1146880K
  class space    used 14011K, capacity 15414K, committed 15536K, reserved 1048576K
}
Event: 1079.649 GC heap before
{Heap before GC invocations=21 (full 4):
 PSYoungGen      total 506880K, used 504023K [0x00000000d5580000, 0x00000000f7180000, 0x0000000100000000)
  eden space 474112K, 100% used [0x00000000d5580000,0x00000000f2480000,0x00000000f2480000)
  from space 32768K, 91% used [0x00000000f5180000,0x00000000f6eb5db0,0x00000000f7180000)
  to   space 39424K, 0% used [0x00000000f2480000,0x00000000f2480000,0x00000000f4b00000)
 ParOldGen       total 258048K, used 62885K [0x0000000080000000, 0x000000008fc00000, 0x00000000d5580000)
  object space 258048K, 24% used [0x0000000080000000,0x0000000083d69640,0x000000008fc00000)
 Metaspace       used 109416K, capacity 117354K, committed 117528K, reserved 1150976K
  class space    used 14610K, capacity 16128K, committed 16176K, reserved 1048576K
Event: 1079.692 GC heap after
Heap after GC invocations=21 (full 4):
 PSYoungGen      total 513536K, used 33783K [0x00000000d5580000, 0x00000000f8d00000, 0x0000000100000000)
  eden space 474112K, 0% used [0x00000000d5580000,0x00000000d5580000,0x00000000f2480000)
  from space 39424K, 85% used [0x00000000f2480000,0x00000000f457df90,0x00000000f4b00000)
  to   space 43008K, 0% used [0x00000000f6300000,0x00000000f6300000,0x00000000f8d00000)
 ParOldGen       total 258048K, used 62893K [0x0000000080000000, 0x000000008fc00000, 0x00000000d5580000)
  object space 258048K, 24% used [0x0000000080000000,0x0000000083d6b640,0x000000008fc00000)
 Metaspace       used 109416K, capacity 117354K, committed 117528K, reserved 1150976K
  class space    used 14610K, capacity 16128K, committed 16176K, reserved 1048576K
}
Event: 1083.401 GC heap before
{Heap before GC invocations=22 (full 4):
 PSYoungGen      total 513536K, used 507895K [0x00000000d5580000, 0x00000000f8d00000, 0x0000000100000000)
  eden space 474112K, 100% used [0x00000000d5580000,0x00000000f2480000,0x00000000f2480000)
  from space 39424K, 85% used [0x00000000f2480000,0x00000000f457df90,0x00000000f4b00000)
  to   space 43008K, 0% used [0x00000000f6300000,0x00000000f6300000,0x00000000f8d00000)
 ParOldGen       total 258048K, used 62893K [0x0000000080000000, 0x000000008fc00000, 0x00000000d5580000)
  object space 258048K, 24% used [0x0000000080000000,0x0000000083d6b640,0x000000008fc00000)
 Metaspace       used 110960K, capacity 118884K, committed 119192K, reserved 1153024K
  class space    used 14752K, capacity 16259K, committed 16304K, reserved 1048576K
Event: 1083.856 GC heap after
Heap after GC invocations=22 (full 4):
 PSYoungGen      total 517120K, used 43006K [0x00000000d5580000, 0x00000000f8d00000, 0x0000000100000000)
  eden space 474112K, 0% used [0x00000000d5580000,0x00000000d5580000,0x00000000f2480000)
  from space 43008K, 99% used [0x00000000f6300000,0x00000000f8cffab8,0x00000000f8d00000)
  to   space 39424K, 0% used [0x00000000f2480000,0x00000000f2480000,0x00000000f4b00000)
 ParOldGen       total 258048K, used 147274K [0x0000000080000000, 0x000000008fc00000, 0x00000000d5580000)
  object space 258048K, 57% used [0x0000000080000000,0x0000000088fd2930,0x000000008fc00000)
 Metaspace       used 110960K, capacity 118884K, committed 119192K, reserved 1153024K
  class space    used 14752K, capacity 16259K, committed 16304K, reserved 1048576K
}

